<?xml version="1.0" encoding="UTF-8"?>
<!-- Generated by org.testng.reporters.JUnitReportReporter -->
<testsuite hostname="DESKTOP-EKADENH" failures="0" tests="2" name="com.sevenrmartsupermarket.tests.AdminTest" time="22.254" errors="0" timestamp="2024-07-23T21:11:53 IST" skipped="0">
  <testcase classname="com.sevenrmartsupermarket.tests.AdminTest" name="userCreate" time="10.131"/>
  <system-out/>
  <testcase classname="com.sevenrmartsupermarket.tests.AdminTest" name="userCreate" time="12.123"/>
  <system-out/>
</testsuite> <!-- com.sevenrmartsupermarket.tests.AdminTest -->
